
*** Running vivado
    with args -log Main.vds -m64 -product Vivado -mode batch -messageDb vivado.pb -notrace -source Main.tcl



****** Vivado v2022.1 (64-bit)
  **** SW Build 3526262 on Mon Apr 18 15:48:16 MDT 2022
  **** IP Build 3524634 on Mon Apr 18 20:55:01 MDT 2022
    ** Copyright 1986-2022 Xilinx, Inc. All Rights Reserved.

source Main.tcl -notrace
Command: read_checkpoint -auto_incremental -incremental C:/Users/sebas/Desktop/Universidad/2022-2/IPD432/TAREAS/T1/Tarea1_IPD432/Tarea3/Paralelismo/Paralelismo.srcs/utils_1/imports/synth_1/Main.dcp
INFO: [Vivado 12-5825] Read reference checkpoint from C:/Users/sebas/Desktop/Universidad/2022-2/IPD432/TAREAS/T1/Tarea1_IPD432/Tarea3/Paralelismo/Paralelismo.srcs/utils_1/imports/synth_1/Main.dcp for incremental synthesis
INFO: [Vivado 12-7989] Please ensure there are no constraint changes
Command: synth_design -top Main -part xc7a100tcsg324-1 -directive AreaOptimized_medium -control_set_opt_threshold 1
Starting synth_design
Attempting to get a license for feature 'Synthesis' and/or device 'xc7a100t'
INFO: [Common 17-349] Got license for feature 'Synthesis' and/or device 'xc7a100t'
INFO: [Device 21-403] Loading part xc7a100tcsg324-1
INFO: [Synth 8-7079] Multithreading enabled for synth_design using a maximum of 2 processes.
INFO: [Synth 8-7078] Launching helper process for spawning children vivado processes
INFO: [Synth 8-7075] Helper process launched with PID 27196
---------------------------------------------------------------------------------
Starting RTL Elaboration : Time (s): cpu = 00:00:06 ; elapsed = 00:00:10 . Memory (MB): peak = 1281.004 ; gain = 0.000
---------------------------------------------------------------------------------
INFO: [Synth 8-6157] synthesizing module 'Main' [C:/Users/sebas/Desktop/Tarea3/Paralelismo/Paralelismo.srcs/sources_1/new/Main.sv:23]
INFO: [Synth 8-6157] synthesizing module 'clk_wiz_0' [C:/Users/sebas/Desktop/Tarea3/Paralelismo/Paralelismo.runs/synth_1/.Xil/Vivado-27036-LAPTOP-LNVQH7PL/realtime/clk_wiz_0_stub.v:5]
INFO: [Synth 8-6155] done synthesizing module 'clk_wiz_0' (0#1) [C:/Users/sebas/Desktop/Tarea3/Paralelismo/Paralelismo.runs/synth_1/.Xil/Vivado-27036-LAPTOP-LNVQH7PL/realtime/clk_wiz_0_stub.v:5]
INFO: [Synth 8-6157] synthesizing module 'uart_basic' [C:/Users/sebas/Desktop/Tarea3/Paralelismo/Paralelismo.srcs/sources_1/imports/_UART/uart_basic.v:23]
	Parameter CLK_FREQUENCY bound to: 35000000 - type: integer 
INFO: [Synth 8-6157] synthesizing module 'uart_baud_tick_gen' [C:/Users/sebas/Desktop/Tarea3/Paralelismo/Paralelismo.srcs/sources_1/imports/_UART/uart_baud_tick_gen.v:23]
	Parameter CLK_FREQUENCY bound to: 35000000 - type: integer 
	Parameter BAUD_RATE bound to: 115200 - type: integer 
	Parameter OVERSAMPLING bound to: 8 - type: integer 
INFO: [Synth 8-6155] done synthesizing module 'uart_baud_tick_gen' (0#1) [C:/Users/sebas/Desktop/Tarea3/Paralelismo/Paralelismo.srcs/sources_1/imports/_UART/uart_baud_tick_gen.v:23]
INFO: [Synth 8-6157] synthesizing module 'uart_rx' [C:/Users/sebas/Desktop/Tarea3/Paralelismo/Paralelismo.srcs/sources_1/imports/_UART/uart_rx.v:23]
INFO: [Synth 8-6157] synthesizing module 'data_sync' [C:/Users/sebas/Desktop/Tarea3/Paralelismo/Paralelismo.srcs/sources_1/imports/_UART/data_sync.v:23]
INFO: [Synth 8-6155] done synthesizing module 'data_sync' (0#1) [C:/Users/sebas/Desktop/Tarea3/Paralelismo/Paralelismo.srcs/sources_1/imports/_UART/data_sync.v:23]
INFO: [Synth 8-155] case statement is not full and has no default [C:/Users/sebas/Desktop/Tarea3/Paralelismo/Paralelismo.srcs/sources_1/imports/_UART/uart_rx.v:91]
INFO: [Synth 8-6155] done synthesizing module 'uart_rx' (0#1) [C:/Users/sebas/Desktop/Tarea3/Paralelismo/Paralelismo.srcs/sources_1/imports/_UART/uart_rx.v:23]
INFO: [Synth 8-6157] synthesizing module 'uart_baud_tick_gen__parameterized0' [C:/Users/sebas/Desktop/Tarea3/Paralelismo/Paralelismo.srcs/sources_1/imports/_UART/uart_baud_tick_gen.v:23]
	Parameter CLK_FREQUENCY bound to: 35000000 - type: integer 
	Parameter BAUD_RATE bound to: 115200 - type: integer 
	Parameter OVERSAMPLING bound to: 1 - type: integer 
INFO: [Synth 8-6155] done synthesizing module 'uart_baud_tick_gen__parameterized0' (0#1) [C:/Users/sebas/Desktop/Tarea3/Paralelismo/Paralelismo.srcs/sources_1/imports/_UART/uart_baud_tick_gen.v:23]
INFO: [Synth 8-6157] synthesizing module 'uart_tx' [C:/Users/sebas/Desktop/Tarea3/Paralelismo/Paralelismo.srcs/sources_1/imports/_UART/uart_tx.v:23]
INFO: [Synth 8-6155] done synthesizing module 'uart_tx' (0#1) [C:/Users/sebas/Desktop/Tarea3/Paralelismo/Paralelismo.srcs/sources_1/imports/_UART/uart_tx.v:23]
INFO: [Synth 8-6155] done synthesizing module 'uart_basic' (0#1) [C:/Users/sebas/Desktop/Tarea3/Paralelismo/Paralelismo.srcs/sources_1/imports/_UART/uart_basic.v:23]
INFO: [Synth 8-6157] synthesizing module 'UART_RX_LOGIC' [C:/Users/sebas/Desktop/Tarea3/Paralelismo/Paralelismo.srcs/sources_1/imports/new/UART_RX_LOGIC.sv:23]
	Parameter NINPUTS bound to: 1024 - type: integer 
INFO: [Synth 8-155] case statement is not full and has no default [C:/Users/sebas/Desktop/Tarea3/Paralelismo/Paralelismo.srcs/sources_1/imports/new/UART_RX_LOGIC.sv:162]
INFO: [Synth 8-155] case statement is not full and has no default [C:/Users/sebas/Desktop/Tarea3/Paralelismo/Paralelismo.srcs/sources_1/imports/new/UART_RX_LOGIC.sv:146]
INFO: [Synth 8-6155] done synthesizing module 'UART_RX_LOGIC' (0#1) [C:/Users/sebas/Desktop/Tarea3/Paralelismo/Paralelismo.srcs/sources_1/imports/new/UART_RX_LOGIC.sv:23]
INFO: [Synth 8-6157] synthesizing module 'Command_Decoder' [C:/Users/sebas/Desktop/Tarea3/Paralelismo/Paralelismo.srcs/sources_1/imports/new/Command_Decoder.sv:23]
	Parameter NINPUTS bound to: 1024 - type: integer 
INFO: [Synth 8-155] case statement is not full and has no default [C:/Users/sebas/Desktop/Tarea3/Paralelismo/Paralelismo.srcs/sources_1/imports/new/Command_Decoder.sv:143]
INFO: [Synth 8-155] case statement is not full and has no default [C:/Users/sebas/Desktop/Tarea3/Paralelismo/Paralelismo.srcs/sources_1/imports/new/Command_Decoder.sv:134]
INFO: [Synth 8-6157] synthesizing module 'ALU' [C:/Users/sebas/Desktop/Tarea3/Paralelismo/Paralelismo.srcs/sources_1/imports/new/ALU.sv:23]
	Parameter NINPUTS bound to: 1024 - type: integer 
INFO: [Synth 8-155] case statement is not full and has no default [C:/Users/sebas/Desktop/Tarea3/Paralelismo/Paralelismo.srcs/sources_1/imports/new/ALU.sv:55]
INFO: [Synth 8-6157] synthesizing module 'adder_tree' [C:/Users/sebas/Desktop/Tarea3/Paralelismo/Paralelismo.srcs/sources_1/new/adder_tree.sv:23]
	Parameter NINPUTS bound to: 1024 - type: integer 
INFO: [Synth 8-6155] done synthesizing module 'adder_tree' (0#1) [C:/Users/sebas/Desktop/Tarea3/Paralelismo/Paralelismo.srcs/sources_1/new/adder_tree.sv:23]
INFO: [Synth 8-6155] done synthesizing module 'ALU' (0#1) [C:/Users/sebas/Desktop/Tarea3/Paralelismo/Paralelismo.srcs/sources_1/imports/new/ALU.sv:23]
INFO: [Synth 8-6157] synthesizing module 'Display_logic' [C:/Users/sebas/Desktop/Tarea3/Paralelismo/Paralelismo.srcs/sources_1/imports/new/Display_logic.sv:23]
INFO: [Synth 8-6157] synthesizing module 'num2digit' [C:/Users/sebas/Desktop/Tarea3/Paralelismo/Paralelismo.srcs/sources_1/imports/Codigo de display/num2digit.sv:23]
INFO: [Synth 8-6155] done synthesizing module 'num2digit' (0#1) [C:/Users/sebas/Desktop/Tarea3/Paralelismo/Paralelismo.srcs/sources_1/imports/Codigo de display/num2digit.sv:23]
INFO: [Synth 8-6157] synthesizing module 'BCD_2_7S' [C:/Users/sebas/Desktop/Tarea3/Paralelismo/Paralelismo.srcs/sources_1/imports/Codigo de display/BCD_2_7S.sv:23]
INFO: [Synth 8-6155] done synthesizing module 'BCD_2_7S' (0#1) [C:/Users/sebas/Desktop/Tarea3/Paralelismo/Paralelismo.srcs/sources_1/imports/Codigo de display/BCD_2_7S.sv:23]
INFO: [Synth 8-6157] synthesizing module 'CLK_DIVIDER' [C:/Users/sebas/Desktop/Tarea3/Paralelismo/Paralelismo.srcs/sources_1/imports/Codigo de display/CLK_DIVIDER.sv:23]
	Parameter f bound to: 640 - type: integer 
INFO: [Synth 8-6155] done synthesizing module 'CLK_DIVIDER' (0#1) [C:/Users/sebas/Desktop/Tarea3/Paralelismo/Paralelismo.srcs/sources_1/imports/Codigo de display/CLK_DIVIDER.sv:23]
INFO: [Synth 8-6157] synthesizing module 'counter' [C:/Users/sebas/Desktop/Tarea3/Paralelismo/Paralelismo.srcs/sources_1/imports/Codigo de display/counter.sv:23]
	Parameter N bound to: 4 - type: integer 
INFO: [Synth 8-6155] done synthesizing module 'counter' (0#1) [C:/Users/sebas/Desktop/Tarea3/Paralelismo/Paralelismo.srcs/sources_1/imports/Codigo de display/counter.sv:23]
INFO: [Synth 8-6157] synthesizing module 'changeDisplay' [C:/Users/sebas/Desktop/Tarea3/Paralelismo/Paralelismo.srcs/sources_1/imports/Codigo de display/changeDisplay.sv:4]
INFO: [Synth 8-6155] done synthesizing module 'changeDisplay' (0#1) [C:/Users/sebas/Desktop/Tarea3/Paralelismo/Paralelismo.srcs/sources_1/imports/Codigo de display/changeDisplay.sv:4]
INFO: [Synth 8-6157] synthesizing module 'seggs' [C:/Users/sebas/Desktop/Tarea3/Paralelismo/Paralelismo.srcs/sources_1/imports/Codigo de display/seggs.sv:3]
INFO: [Synth 8-6155] done synthesizing module 'seggs' (0#1) [C:/Users/sebas/Desktop/Tarea3/Paralelismo/Paralelismo.srcs/sources_1/imports/Codigo de display/seggs.sv:3]
INFO: [Synth 8-6155] done synthesizing module 'Display_logic' (0#1) [C:/Users/sebas/Desktop/Tarea3/Paralelismo/Paralelismo.srcs/sources_1/imports/new/Display_logic.sv:23]
INFO: [Synth 8-6155] done synthesizing module 'Command_Decoder' (0#1) [C:/Users/sebas/Desktop/Tarea3/Paralelismo/Paralelismo.srcs/sources_1/imports/new/Command_Decoder.sv:23]
INFO: [Synth 8-6157] synthesizing module 'MemoryBlock_Vector' [C:/Users/sebas/Desktop/Tarea3/Paralelismo/Paralelismo.srcs/sources_1/new/MemoryBlock_Vector.sv:23]
	Parameter NINPUTS bound to: 1024 - type: integer 
INFO: [Synth 8-6155] done synthesizing module 'MemoryBlock_Vector' (0#1) [C:/Users/sebas/Desktop/Tarea3/Paralelismo/Paralelismo.srcs/sources_1/new/MemoryBlock_Vector.sv:23]
INFO: [Synth 8-6155] done synthesizing module 'Main' (0#1) [C:/Users/sebas/Desktop/Tarea3/Paralelismo/Paralelismo.srcs/sources_1/new/Main.sv:23]
WARNING: [Synth 8-6014] Unused sequential element flag_delay_1_cicle_reg was removed.  [C:/Users/sebas/Desktop/Tarea3/Paralelismo/Paralelismo.srcs/sources_1/imports/new/UART_RX_LOGIC.sv:79]
WARNING: [Synth 8-6014] Unused sequential element delay_result_reg was removed.  [C:/Users/sebas/Desktop/Tarea3/Paralelismo/Paralelismo.srcs/sources_1/imports/new/Command_Decoder.sv:76]
---------------------------------------------------------------------------------
Finished RTL Elaboration : Time (s): cpu = 00:00:37 ; elapsed = 00:00:43 . Memory (MB): peak = 2059.324 ; gain = 778.320
---------------------------------------------------------------------------------
---------------------------------------------------------------------------------
Start Handling Custom Attributes
---------------------------------------------------------------------------------
---------------------------------------------------------------------------------
Finished Handling Custom Attributes : Time (s): cpu = 00:00:38 ; elapsed = 00:00:44 . Memory (MB): peak = 2059.324 ; gain = 778.320
---------------------------------------------------------------------------------
---------------------------------------------------------------------------------
Finished RTL Optimization Phase 1 : Time (s): cpu = 00:00:38 ; elapsed = 00:00:44 . Memory (MB): peak = 2059.324 ; gain = 778.320
---------------------------------------------------------------------------------
Netlist sorting complete. Time (s): cpu = 00:00:01 ; elapsed = 00:00:01 . Memory (MB): peak = 2059.324 ; gain = 0.000
INFO: [Project 1-570] Preparing netlist for logic optimization

Processing XDC Constraints
Initializing timing engine
Parsing XDC File [c:/Users/sebas/Desktop/Tarea3/Paralelismo/Paralelismo.gen/sources_1/ip/clk_wiz_0_2/clk_wiz_0/clk_wiz_0_in_context.xdc] for cell 'inst'
Finished Parsing XDC File [c:/Users/sebas/Desktop/Tarea3/Paralelismo/Paralelismo.gen/sources_1/ip/clk_wiz_0_2/clk_wiz_0/clk_wiz_0_in_context.xdc] for cell 'inst'
Parsing XDC File [C:/Users/sebas/Desktop/Tarea3/Paralelismo/Paralelismo.srcs/constrs_1/imports/Digitales/Nexys-A7-100T-Master.xdc]
Finished Parsing XDC File [C:/Users/sebas/Desktop/Tarea3/Paralelismo/Paralelismo.srcs/constrs_1/imports/Digitales/Nexys-A7-100T-Master.xdc]
INFO: [Project 1-236] Implementation specific constraints were found while reading constraint file [C:/Users/sebas/Desktop/Tarea3/Paralelismo/Paralelismo.srcs/constrs_1/imports/Digitales/Nexys-A7-100T-Master.xdc]. These constraints will be ignored for synthesis but will be used in implementation. Impacted constraints are listed in the file [.Xil/Main_propImpl.xdc].
Resolution: To avoid this warning, move constraints listed in [.Xil/Main_propImpl.xdc] to another XDC file and exclude this new file from synthesis with the used_in_synthesis property (File Properties dialog in GUI) and re-run elaboration/synthesis.
Parsing XDC File [C:/Users/sebas/Desktop/Tarea3/Paralelismo/Paralelismo.runs/synth_1/dont_touch.xdc]
Finished Parsing XDC File [C:/Users/sebas/Desktop/Tarea3/Paralelismo/Paralelismo.runs/synth_1/dont_touch.xdc]
Completed Processing XDC Constraints

Netlist sorting complete. Time (s): cpu = 00:00:00 ; elapsed = 00:00:00.009 . Memory (MB): peak = 2059.324 ; gain = 0.000
INFO: [Project 1-111] Unisim Transformation Summary:
No Unisim elements were transformed.

Constraint Validation Runtime : Time (s): cpu = 00:00:00 ; elapsed = 00:00:00.168 . Memory (MB): peak = 2059.324 ; gain = 0.000
---------------------------------------------------------------------------------
Finished Constraint Validation : Time (s): cpu = 00:01:02 ; elapsed = 00:01:08 . Memory (MB): peak = 2059.324 ; gain = 778.320
---------------------------------------------------------------------------------
---------------------------------------------------------------------------------
Start Loading Part and Timing Information
---------------------------------------------------------------------------------
Loading part: xc7a100tcsg324-1
---------------------------------------------------------------------------------
Finished Loading Part and Timing Information : Time (s): cpu = 00:01:03 ; elapsed = 00:01:08 . Memory (MB): peak = 2059.324 ; gain = 778.320
---------------------------------------------------------------------------------
WARNING: [Synth 8-6702] IncrSynth : Design change found in an area of the design that prevents previous synthesis information being used, Reverting to default synthesis
---------------------------------------------------------------------------------
Finished Doing Graph Differ : Time (s): cpu = 00:01:08 ; elapsed = 00:01:15 . Memory (MB): peak = 2059.324 ; gain = 778.320
---------------------------------------------------------------------------------
---------------------------------------------------------------------------------
Finished Preparing Guide Design : Time (s): cpu = 00:01:08 ; elapsed = 00:01:15 . Memory (MB): peak = 2059.324 ; gain = 778.320
---------------------------------------------------------------------------------
INFO: [Synth 8-802] inferred FSM for state register 'state_reg' in module 'uart_rx'
INFO: [Synth 8-802] inferred FSM for state register 'state_reg' in module 'uart_tx'
INFO: [Synth 8-802] inferred FSM for state register 'state_reg' in module 'UART_RX_LOGIC'
INFO: [Synth 8-802] inferred FSM for state register 'state_reg' in module 'Command_Decoder'
---------------------------------------------------------------------------------------------------
                   State |                     New Encoding |                Previous Encoding 
---------------------------------------------------------------------------------------------------
                 RX_IDLE |                            00001 |                              000
                RX_START |                            00010 |                              001
                 RX_RECV |                            00100 |                              010
                 RX_STOP |                            01000 |                              011
                RX_READY |                            10000 |                              100
---------------------------------------------------------------------------------------------------
INFO: [Synth 8-3354] encoded FSM with state register 'state_reg' using encoding 'one-hot' in module 'uart_rx'
---------------------------------------------------------------------------------------------------
                   State |                     New Encoding |                Previous Encoding 
---------------------------------------------------------------------------------------------------
                 TX_IDLE |                               00 |                               00
                TX_START |                               01 |                               01
                 TX_SEND |                               10 |                               10
                 TX_STOP |                               11 |                               11
---------------------------------------------------------------------------------------------------
INFO: [Synth 8-3354] encoded FSM with state register 'state_reg' using encoding 'sequential' in module 'uart_tx'
---------------------------------------------------------------------------------------------------
                   State |                     New Encoding |                Previous Encoding 
---------------------------------------------------------------------------------------------------
           WAIT_FUNCTION |                              000 |                              000
      CHOOSE_INSTRUCTION |                              001 |                              001
              N_LSB_VECT |                              010 |                              010
              N_MSB_VECT |                              011 |                              011
              WORD_OF_FF |                              100 |                              100
          COMAND_DECODER |                              101 |                              101
---------------------------------------------------------------------------------------------------
INFO: [Synth 8-3354] encoded FSM with state register 'state_reg' using encoding 'sequential' in module 'UART_RX_LOGIC'
---------------------------------------------------------------------------------------------------
                   State |                     New Encoding |                Previous Encoding 
---------------------------------------------------------------------------------------------------
             Mux_command |                              000 |                              000
           N_LSB_ELEM_TX |                              001 |                              001
           N_MSB_ELEM_TX |                              010 |                              010
       Send_Component_TX |                              011 |                              100
                 ReadVec |                              100 |                              011
---------------------------------------------------------------------------------------------------
INFO: [Synth 8-3354] encoded FSM with state register 'state_reg' using encoding 'sequential' in module 'Command_Decoder'
---------------------------------------------------------------------------------
Finished RTL Optimization Phase 2 : Time (s): cpu = 00:01:55 ; elapsed = 00:02:23 . Memory (MB): peak = 2059.324 ; gain = 778.320
---------------------------------------------------------------------------------


Incremental Synthesis Report Summary:

1. Incremental synthesis run: no

   Reason for not running incremental synthesis : Design change found in an area of the design that prevents previous synthesis information being used


INFO: [Synth 8-7130] Flow is switching to default flow due to incremental criteria not met. If you would like to alter this behaviour and have the flow terminate instead, please set the following parameter config_implementation {autoIncr.Synth.RejectBehavior Terminate}
---------------------------------------------------------------------------------
Start RTL Component Statistics 
---------------------------------------------------------------------------------
Detailed RTL Component Info : 
+---Adders : 
	   2 Input   64 Bit       Adders := 1     
	   2 Input   18 Bit       Adders := 5     
	   2 Input   17 Bit       Adders := 4     
	   2 Input   16 Bit       Adders := 8     
	   2 Input   15 Bit       Adders := 16    
	   2 Input   14 Bit       Adders := 32    
	   2 Input   13 Bit       Adders := 64    
	   2 Input   12 Bit       Adders := 128   
	   2 Input   11 Bit       Adders := 256   
	   2 Input   10 Bit       Adders := 515   
	   2 Input    9 Bit       Adders := 1024  
	   2 Input    8 Bit       Adders := 2048  
	   2 Input    4 Bit       Adders := 1     
	   2 Input    3 Bit       Adders := 3     
	   2 Input    2 Bit       Adders := 1     
+---Registers : 
	               64 Bit    Registers := 1     
	               32 Bit    Registers := 1     
	               18 Bit    Registers := 2     
	               10 Bit    Registers := 4     
	                8 Bit    Registers := 2054  
	                4 Bit    Registers := 2     
	                3 Bit    Registers := 5     
	                2 Bit    Registers := 5     
	                1 Bit    Registers := 13    
+---Muxes : 
	   2 Input   64 Bit        Muxes := 1     
	   5 Input   32 Bit        Muxes := 1     
	   4 Input   18 Bit        Muxes := 1     
	   2 Input   18 Bit        Muxes := 1     
	   5 Input   10 Bit        Muxes := 1     
	   6 Input   10 Bit        Muxes := 2     
	   2 Input    8 Bit        Muxes := 4105  
	   4 Input    8 Bit        Muxes := 2050  
	   8 Input    8 Bit        Muxes := 1     
	   3 Input    8 Bit        Muxes := 1     
	   5 Input    8 Bit        Muxes := 1     
	   6 Input    8 Bit        Muxes := 1     
	   2 Input    7 Bit        Muxes := 1     
	   5 Input    5 Bit        Muxes := 1     
	   2 Input    5 Bit        Muxes := 1     
	   2 Input    4 Bit        Muxes := 3     
	   6 Input    4 Bit        Muxes := 1     
	   3 Input    3 Bit        Muxes := 2     
	   6 Input    3 Bit        Muxes := 2     
	   2 Input    3 Bit        Muxes := 11    
	   4 Input    3 Bit        Muxes := 5     
	   5 Input    3 Bit        Muxes := 1     
	  30 Input    3 Bit        Muxes := 1     
	   6 Input    2 Bit        Muxes := 2     
	   2 Input    2 Bit        Muxes := 6     
	   4 Input    2 Bit        Muxes := 2     
	   2 Input    1 Bit        Muxes := 2065  
	   4 Input    1 Bit        Muxes := 12    
	   6 Input    1 Bit        Muxes := 17    
	   3 Input    1 Bit        Muxes := 2     
	   5 Input    1 Bit        Muxes := 9     
---------------------------------------------------------------------------------
Finished RTL Component Statistics 
---------------------------------------------------------------------------------
---------------------------------------------------------------------------------
Start Part Resource Summary
---------------------------------------------------------------------------------
Part Resources:
DSPs: 240 (col length:80)
BRAMs: 270 (col length: RAMB18 80 RAMB36 40)
---------------------------------------------------------------------------------
Finished Part Resource Summary
---------------------------------------------------------------------------------
---------------------------------------------------------------------------------
Start Cross Boundary and Area Optimization
---------------------------------------------------------------------------------
INFO: [Synth 8-5544] ROM "UUT2/display" won't be mapped to Block RAM because address size (3) smaller than threshold (5)
INFO: [Synth 8-5544] ROM "nolabel_line45/sseg" won't be mapped to Block RAM because address size (4) smaller than threshold (5)
INFO: [Synth 8-5544] ROM "nolabel_line50/sseg" won't be mapped to Block RAM because address size (4) smaller than threshold (5)
INFO: [Synth 8-5544] ROM "nolabel_line55/sseg" won't be mapped to Block RAM because address size (4) smaller than threshold (5)
INFO: [Synth 8-5544] ROM "nolabel_line60/sseg" won't be mapped to Block RAM because address size (4) smaller than threshold (5)
INFO: [Synth 8-5544] ROM "nolabel_line65/sseg" won't be mapped to Block RAM because address size (4) smaller than threshold (5)
INFO: [Synth 8-5544] ROM "nolabel_line70/sseg" won't be mapped to Block RAM because address size (4) smaller than threshold (5)
INFO: [Synth 8-3333] propagating constant 0 across sequential element (\countBytes_reg[2] )
---------------------------------------------------------------------------------
Finished Cross Boundary and Area Optimization : Time (s): cpu = 00:03:17 ; elapsed = 00:03:50 . Memory (MB): peak = 2059.324 ; gain = 778.320
---------------------------------------------------------------------------------
---------------------------------------------------------------------------------
Start Applying XDC Timing Constraints
---------------------------------------------------------------------------------
---------------------------------------------------------------------------------
Finished Applying XDC Timing Constraints : Time (s): cpu = 00:03:27 ; elapsed = 00:04:01 . Memory (MB): peak = 2059.324 ; gain = 778.320
---------------------------------------------------------------------------------
---------------------------------------------------------------------------------
Start Timing Optimization
---------------------------------------------------------------------------------
---------------------------------------------------------------------------------
Finished Timing Optimization : Time (s): cpu = 00:03:54 ; elapsed = 00:04:29 . Memory (MB): peak = 2059.324 ; gain = 778.320
---------------------------------------------------------------------------------
---------------------------------------------------------------------------------
Start Technology Mapping
---------------------------------------------------------------------------------
---------------------------------------------------------------------------------
Finished Technology Mapping : Time (s): cpu = 00:04:59 ; elapsed = 00:05:36 . Memory (MB): peak = 2059.324 ; gain = 778.320
---------------------------------------------------------------------------------
---------------------------------------------------------------------------------
Start IO Insertion
---------------------------------------------------------------------------------
---------------------------------------------------------------------------------
Start Flattening Before IO Insertion
---------------------------------------------------------------------------------
---------------------------------------------------------------------------------
Finished Flattening Before IO Insertion
---------------------------------------------------------------------------------
---------------------------------------------------------------------------------
Start Final Netlist Cleanup
---------------------------------------------------------------------------------
---------------------------------------------------------------------------------
Finished Final Netlist Cleanup
---------------------------------------------------------------------------------
---------------------------------------------------------------------------------
Finished IO Insertion : Time (s): cpu = 00:05:27 ; elapsed = 00:06:05 . Memory (MB): peak = 2059.324 ; gain = 778.320
---------------------------------------------------------------------------------
---------------------------------------------------------------------------------
Start Renaming Generated Instances
---------------------------------------------------------------------------------
---------------------------------------------------------------------------------
Finished Renaming Generated Instances : Time (s): cpu = 00:05:27 ; elapsed = 00:06:05 . Memory (MB): peak = 2059.324 ; gain = 778.320
---------------------------------------------------------------------------------
---------------------------------------------------------------------------------
Start Rebuilding User Hierarchy
---------------------------------------------------------------------------------
---------------------------------------------------------------------------------
Finished Rebuilding User Hierarchy : Time (s): cpu = 00:05:43 ; elapsed = 00:06:22 . Memory (MB): peak = 2059.324 ; gain = 778.320
---------------------------------------------------------------------------------
---------------------------------------------------------------------------------
Start Renaming Generated Ports
---------------------------------------------------------------------------------
---------------------------------------------------------------------------------
Finished Renaming Generated Ports : Time (s): cpu = 00:05:45 ; elapsed = 00:06:23 . Memory (MB): peak = 2059.324 ; gain = 778.320
---------------------------------------------------------------------------------
---------------------------------------------------------------------------------
Start Handling Custom Attributes
---------------------------------------------------------------------------------
---------------------------------------------------------------------------------
Finished Handling Custom Attributes : Time (s): cpu = 00:05:46 ; elapsed = 00:06:25 . Memory (MB): peak = 2059.324 ; gain = 778.320
---------------------------------------------------------------------------------
---------------------------------------------------------------------------------
Start Renaming Generated Nets
---------------------------------------------------------------------------------
---------------------------------------------------------------------------------
Finished Renaming Generated Nets : Time (s): cpu = 00:05:47 ; elapsed = 00:06:25 . Memory (MB): peak = 2059.324 ; gain = 778.320
---------------------------------------------------------------------------------
---------------------------------------------------------------------------------
Start Writing Synthesis Report
---------------------------------------------------------------------------------

Report BlackBoxes: 
+------+--------------+----------+
|      |BlackBox name |Instances |
+------+--------------+----------+
|1     |clk_wiz_0     |         1|
+------+--------------+----------+

Report Cell Usage: 
+------+--------+------+
|      |Cell    |Count |
+------+--------+------+
|1     |clk_wiz |     1|
|2     |CARRY4  |  7802|
|3     |LUT1    |    78|
|4     |LUT2    | 14701|
|5     |LUT3    |  2019|
|6     |LUT4    | 13915|
|7     |LUT5    |  5884|
|8     |LUT6    | 16379|
|9     |MUXF7   |  3414|
|10    |MUXF8   |  1700|
|11    |FDRE    | 17052|
|12    |FDSE    |     8|
|13    |IBUF    |     2|
|14    |OBUF    |    16|
+------+--------+------+
---------------------------------------------------------------------------------
Finished Writing Synthesis Report : Time (s): cpu = 00:05:47 ; elapsed = 00:06:26 . Memory (MB): peak = 2059.324 ; gain = 778.320
---------------------------------------------------------------------------------
Synthesis finished with 0 errors, 0 critical warnings and 1 warnings.
Synthesis Optimization Runtime : Time (s): cpu = 00:04:54 ; elapsed = 00:06:15 . Memory (MB): peak = 2059.324 ; gain = 778.320
Synthesis Optimization Complete : Time (s): cpu = 00:05:48 ; elapsed = 00:06:30 . Memory (MB): peak = 2059.324 ; gain = 778.320
INFO: [Project 1-571] Translating synthesized netlist
Netlist sorting complete. Time (s): cpu = 00:00:02 ; elapsed = 00:00:02 . Memory (MB): peak = 2059.324 ; gain = 0.000
INFO: [Netlist 29-17] Analyzing 12916 Unisim elements for replacement
INFO: [Netlist 29-28] Unisim Transformation completed in 0 CPU seconds
INFO: [Project 1-570] Preparing netlist for logic optimization
INFO: [Opt 31-138] Pushed 0 inverter(s) to 0 load pin(s).
Netlist sorting complete. Time (s): cpu = 00:00:00 ; elapsed = 00:00:00.027 . Memory (MB): peak = 2059.324 ; gain = 0.000
INFO: [Project 1-111] Unisim Transformation Summary:
No Unisim elements were transformed.

Synth Design complete, checksum: 9f71310f
INFO: [Common 17-83] Releasing license: Synthesis
80 Infos, 3 Warnings, 0 Critical Warnings and 0 Errors encountered.
synth_design completed successfully
synth_design: Time (s): cpu = 00:06:18 ; elapsed = 00:07:03 . Memory (MB): peak = 2059.324 ; gain = 778.320
INFO: [Common 17-1381] The checkpoint 'C:/Users/sebas/Desktop/Tarea3/Paralelismo/Paralelismo.runs/synth_1/Main.dcp' has been generated.
write_checkpoint: Time (s): cpu = 00:00:14 ; elapsed = 00:00:12 . Memory (MB): peak = 2059.324 ; gain = 0.000
INFO: [runtcl-4] Executing : report_utilization -file Main_utilization_synth.rpt -pb Main_utilization_synth.pb
INFO: [Common 17-206] Exiting Vivado at Fri Jan  6 21:59:53 2023...
